./travis/test/br3200749.asm:4: error: label or instruction expected at start of line
./travis/test/br3200749.asm:6: error: label or instruction expected at start of line
